#
# There is insufficient memory for the Java Runtime Environment to continue.
# Native memory allocation (malloc) failed to allocate 1048576 bytes for AllocateHeap
# Possible reasons:
#   The system is out of physical RAM or swap space
#   The process is running with CompressedOops enabled, and the Java Heap may be blocking the growth of the native heap
# Possible solutions:
#   Reduce memory load on the system
#   Increase physical memory or swap space
#   Check if swap backing store is full
#   Decrease Java heap size (-Xmx/-Xms)
#   Decrease number of Java threads
#   Decrease Java thread stack sizes (-Xss)
#   Set larger code cache with -XX:ReservedCodeCacheSize=
#   JVM is running with Zero Based Compressed Oops mode in which the Java heap is
#     placed in the first 32GB address space. The Java Heap base address is the
#     maximum limit for the native heap growth. Please use -XX:HeapBaseMinAddress
#     to set the Java Heap base and to place the Java Heap above 32GB virtual address.
# This output file may be truncated or incomplete.
#
#  Out of Memory Error (memory/allocation.inline.hpp:61), pid=132300, tid=0x000000000001b5b8
#
# JRE version:  (8.0_261-b12) (build )
# Java VM: Java HotSpot(TM) 64-Bit Server VM (25.261-b12 mixed mode windows-amd64 compressed oops)
# Failed to write core dump. Minidumps are not enabled by default on client versions of Windows
#

---------------  T H R E A D  ---------------

Current thread (0x000001574992c000):  JavaThread "Unknown thread" [_thread_in_vm, id=112056, stack(0x00000006bd400000,0x00000006bd500000)]

Stack: [0x00000006bd400000,0x00000006bd500000]
Native frames: (J=compiled Java code, j=interpreted, Vv=VM code, C=native code)
V  [jvm.dll+0x33e5f9]
V  [jvm.dll+0x2850e2]
V  [jvm.dll+0x285d8d]
V  [jvm.dll+0x27c895]
V  [jvm.dll+0x1565d]
V  [jvm.dll+0x3d87f8]
V  [jvm.dll+0x3d94ea]
V  [jvm.dll+0x3d5557]
V  [jvm.dll+0x10c61f]
V  [jvm.dll+0x21a00b]
V  [jvm.dll+0x248687]
V  [jvm.dll+0x172116]
C  [javaw.exe+0x2322]
C  [javaw.exe+0x16564]
C  [KERNEL32.DLL+0x154e0]
C  [ntdll.dll+0x485b]


---------------  P R O C E S S  ---------------

Java Threads: ( => current thread )

Other Threads:

=>0x000001574992c000 (exited) JavaThread "Unknown thread" [_thread_in_vm, id=112056, stack(0x00000006bd400000,0x00000006bd500000)]

VM state:not at safepoint (normal execution)

VM Mutex/Monitor currently owned by a thread: None

heap address: 0x00000006c3000000, size: 4048 MB, Compressed Oops mode: Zero based, Oop shift amount: 3
Narrow klass base: 0x0000000000000000, Narrow klass shift: 3
Compressed class space size: 1073741824 Address: 0x00000007c0000000

Heap:
 PSYoungGen      total 75776K, used 1300K [0x000000076bb00000, 0x0000000770f80000, 0x00000007c0000000)
  eden space 65024K, 2% used [0x000000076bb00000,0x000000076bc451f8,0x000000076fa80000)
  from space 10752K, 0% used [0x0000000770500000,0x0000000770500000,0x0000000770f80000)
  to   space 10752K, 0% used [0x000000076fa80000,0x000000076fa80000,0x0000000770500000)
 ParOldGen       total 173568K, used 0K [0x00000006c3000000, 0x00000006cd980000, 0x000000076bb00000)
  object space 173568K, 0% used [0x00000006c3000000,0x00000006c3000000,0x00000006cd980000)
 Metaspace       used 776K, capacity 4480K, committed 4480K, reserved 1056768K
  class space    used 76K, capacity 384K, committed 384K, reserved 1048576K

Card table byte_map: [0x000001575a730000,0x000001575af20000] byte_map_base: 0x0000015757118000

Marking Bits: (ParMarkBitMap*) 0x0000000077f84fb0
 Begin Bits: [0x000001575b470000, 0x000001575f3b0000)
 End Bits:   [0x000001575f3b0000, 0x00000157632f0000)

Polling page: 0x000001574b340000

CodeCache: size=245760Kb used=328Kb max_used=328Kb free=245431Kb
 bounds [0x000001574b370000, 0x000001574b5e0000, 0x000001575a370000]
 total_blobs=58 nmethods=0 adapters=38
 compilation: enabled

Compilation events (0 events):
No events

GC Heap History (0 events):
No events

Deoptimization events (0 events):
No events

Classes redefined (0 events):
No events

Internal exceptions (0 events):
No events

Events (10 events):
Event: 0.023 loading class java/lang/Short
Event: 0.023 loading class java/lang/Short done
Event: 0.023 loading class java/lang/Integer
Event: 0.023 loading class java/lang/Integer done
Event: 0.023 loading class java/lang/Long
Event: 0.023 loading class java/lang/Long done
Event: 0.023 loading class java/lang/NullPointerException
Event: 0.023 loading class java/lang/NullPointerException done
Event: 0.023 loading class java/lang/ArithmeticException
Event: 0.023 loading class java/lang/ArithmeticException done


Dynamic libraries:
0x00007ff67d3a0000 - 0x00007ff67d3e7000 	C:\Program Files\Java\jdk1.8.0_261\bin\javaw.exe
0x00007ffec8240000 - 0x00007ffec8447000 	C:\WINDOWS\SYSTEM32\ntdll.dll
0x00007ffec6c70000 - 0x00007ffec6d2d000 	C:\WINDOWS\System32\KERNEL32.DLL
0x00007ffec5b00000 - 0x00007ffec5e74000 	C:\WINDOWS\System32\KERNELBASE.dll
0x00007ffec79d0000 - 0x00007ffec7a7c000 	C:\WINDOWS\System32\ADVAPI32.dll
0x00007ffec62a0000 - 0x00007ffec6343000 	C:\WINDOWS\System32\msvcrt.dll
0x00007ffec7890000 - 0x00007ffec792d000 	C:\WINDOWS\System32\sechost.dll
0x00007ffec7b10000 - 0x00007ffec7c31000 	C:\WINDOWS\System32\RPCRT4.dll
0x00007ffec64e0000 - 0x00007ffec668c000 	C:\WINDOWS\System32\USER32.dll
0x00007ffec5720000 - 0x00007ffec5746000 	C:\WINDOWS\System32\win32u.dll
0x00007ffec67d0000 - 0x00007ffec67f9000 	C:\WINDOWS\System32\GDI32.dll
0x00007ffec5e80000 - 0x00007ffec5f92000 	C:\WINDOWS\System32\gdi32full.dll
0x00007ffec5870000 - 0x00007ffec590d000 	C:\WINDOWS\System32\msvcp_win.dll
0x00007ffec5750000 - 0x00007ffec5861000 	C:\WINDOWS\System32\ucrtbase.dll
0x00007ffeaf900000 - 0x00007ffeafba5000 	C:\WINDOWS\WinSxS\amd64_microsoft.windows.common-controls_6595b64144ccf1df_6.0.22000.120_none_9d947278b86cc467\COMCTL32.dll
0x00007ffec7990000 - 0x00007ffec79c1000 	C:\WINDOWS\System32\IMM32.DLL
0x00007ffea8bb0000 - 0x00007ffea8bc5000 	C:\Program Files\Java\jdk1.8.0_261\jre\bin\vcruntime140.dll
0x00007ffe88160000 - 0x00007ffe881fb000 	C:\Program Files\Java\jdk1.8.0_261\jre\bin\msvcp140.dll
0x0000000077790000 - 0x0000000077ffc000 	C:\Program Files\Java\jdk1.8.0_261\jre\bin\server\jvm.dll
0x00007ffec7b00000 - 0x00007ffec7b08000 	C:\WINDOWS\System32\PSAPI.DLL
0x00007ffebc740000 - 0x00007ffebc74a000 	C:\WINDOWS\SYSTEM32\VERSION.dll
0x00007ffebd0c0000 - 0x00007ffebd0f3000 	C:\WINDOWS\SYSTEM32\WINMM.dll
0x00007ffeb7b50000 - 0x00007ffeb7b59000 	C:\WINDOWS\SYSTEM32\WSOCK32.dll
0x00007ffec7fd0000 - 0x00007ffec803f000 	C:\WINDOWS\System32\WS2_32.dll
0x00007ffec48f0000 - 0x00007ffec4908000 	C:\WINDOWS\SYSTEM32\kernel.appcore.dll
0x00007ffeb3410000 - 0x00007ffeb3420000 	C:\Program Files\Java\jdk1.8.0_261\jre\bin\verify.dll
0x00007ffea1ce0000 - 0x00007ffea1d0b000 	C:\Program Files\Java\jdk1.8.0_261\jre\bin\java.dll
0x00007ffea78b0000 - 0x00007ffea78c8000 	C:\Program Files\Java\jdk1.8.0_261\jre\bin\zip.dll
0x00007ffec33d0000 - 0x00007ffec35f1000 	C:\WINDOWS\SYSTEM32\dbghelp.dll
0x00007ffec5a80000 - 0x00007ffec5aff000 	C:\WINDOWS\System32\bcryptPrimitives.dll

VM Arguments:
jvm_args: -ea -Dfile.encoding=UTF-8 
java_command: org.eclipse.jdt.internal.junit.runner.RemoteTestRunner -version 3 -port 1311 -testLoaderClass org.eclipse.jdt.internal.junit5.runner.JUnit5TestLoader -loaderpluginname org.eclipse.jdt.junit5.runtime -classNames br.com.vobi.Login.LoginTest
java_class_path (initial): D:\Documentos\Pessoal\qa-code\vobi-automation-tests\target\test-classes;D:\Documentos\Pessoal\qa-code\vobi-automation-tests\target\classes;D:\mavenRepository\org\seleniumhq\selenium\selenium-chrome-driver\4.1.1\selenium-chrome-driver-4.1.1.jar;D:\mavenRepository\com\google\auto\service\auto-service-annotations\1.0.1\auto-service-annotations-1.0.1.jar;D:\mavenRepository\com\google\auto\service\auto-service\1.0.1\auto-service-1.0.1.jar;D:\mavenRepository\com\google\auto\auto-common\1.2\auto-common-1.2.jar;D:\mavenRepository\com\google\guava\guava\31.0.1-jre\guava-31.0.1-jre.jar;D:\mavenRepository\com\google\guava\failureaccess\1.0.1\failureaccess-1.0.1.jar;D:\mavenRepository\com\google\guava\listenablefuture\9999.0-empty-to-avoid-conflict-with-guava\listenablefuture-9999.0-empty-to-avoid-conflict-with-guava.jar;D:\mavenRepository\com\google\code\findbugs\jsr305\3.0.2\jsr305-3.0.2.jar;D:\mavenRepository\org\checkerframework\checker-qual\3.12.0\checker-qual-3.12.0.jar;D:\mavenRepository\com\google\errorprone\error_prone_annotations\2.7.1\error_prone_annotations-2.7.1.jar;D:\mavenRepository\com\google\j2objc\j2objc-annotations\1.3\j2objc-annotations-1.3.jar;D:\mavenRepository\org\seleniumhq\selenium\selenium-api\4.1.1\selenium-api-4.1.1.jar;D:\mavenRepository\org\seleniumhq\selenium\selenium-chromium-driver\4.1.1\selenium-chromium-driver-4.1.1.jar;D:\mavenRepository\org\seleniumhq\selenium\selenium-json\4.1.1\selenium-json-4.1.1.jar;D:\mavenRepository\org\seleniumhq\selenium\selenium-remote-driver\4.1.1\selenium-remote-driver-4.1.1.jar;D:\mavenRepository\com\beust\jcommander\1.81\jcommander-1.81.jar;D:\mavenRepository\io\netty\netty-buffer\4.1.70.Final\netty-buffer-4.1.70.Final.jar;D:\mavenRepository\io\netty\netty-codec-http\4.1.70.Final\netty-codec-http-4.1.70.Final.jar;D:\mavenRepository\io\netty\netty-codec\4.1.70.Final\netty-codec-4.1.70.Final.jar;D:\mavenRepository\io\netty\netty-handler\4.1.70.Final\netty-handler-4.1.70.Final.jar;D:\ma
Launcher Type: SUN_STANDARD

Environment Variables:
JAVA_HOME=C:\Program Files\Java\jdk1.8.0_261
PATH=C:/Program Files/Java/jre1.8.0_311/bin/server;C:/Program Files/Java/jre1.8.0_311/bin;C:/Program Files/Java/jre1.8.0_311/lib/amd64;D:\VMware\bin\;C:\Program Files (x86)\Common Files\Oracle\Java\javapath;C:\Windows\system32;C:\Windows;C:\Windows\System32\Wbem;C:\Windows\System32\WindowsPowerShell\v1.0\;C:\Windows\System32\OpenSSH\;C:\Program Files\Intel\WiFi\bin\;C:\Program Files\Common Files\Intel\WirelessCommon\;C:\Program Files (x86)\NVIDIA Corporation\PhysX\Common;D:\Programas\Git\Git\cmd;C:\Program Files\Java\jdk1.8.0_261\bin;D:\nodejs\;C:\Users\saulo\AppData\Local\Programs\Python\Python39\Scripts\;C:\Users\saulo\AppData\Local\Programs\Python\Python39\;C:\WINDOWS\system32;C:\WINDOWS;C:\WINDOWS\System32\Wbem;C:\WINDOWS\System32\WindowsPowerShell\v1.0\;C:\WINDOWS\System32\OpenSSH\;C:\Program Files\Java\jdk1.8.0_261\bin;D:\apache-maven-3.8.1-bin\apache-maven-3.8.1\bin;C:\ProgramData\chocolatey\bin;D:\Putty\;C:\Users\saulo\AppData\Local\Programs\Python\Python39\Scripts\;C:\Users\saulo\AppData\Local\Programs\Python\Python39\;D:\Python3\Scripts\;D:\Python3\;C:\Users\saulo\AppData\Local\Microsoft\WindowsApps;;D:\intellij\IntelliJ IDEA 2019.3.5\bin;;C:\Users\saulo\AppData\Roaming\npm;D:\VisualStudioCode\Microsoft VS Code\bin;C:\Users\saulo\AppData\Roaming\cabal\bin;C:\tools\ghc-9.0.1\bin;C:\tools\msys64;D:\Eclipse-Java\eclipse;
USERNAME=saulo
OS=Windows_NT
PROCESSOR_IDENTIFIER=Intel64 Family 6 Model 142 Stepping 12, GenuineIntel



---------------  S Y S T E M  ---------------

OS: Windows 10.0 , 64 bit Build 22000 (10.0.22000.318)

CPU:total 8 (initial active 8) (4 cores per cpu, 2 threads per core) family 6 model 142 stepping 12, cmov, cx8, fxsr, mmx, sse, sse2, sse3, ssse3, sse4.1, sse4.2, popcnt, avx, avx2, aes, clmul, erms, 3dnowpref, lzcnt, ht, tsc, tscinvbit, bmi1, bmi2, adx

Memory: 4k page, physical 16579456k(2655816k free), swap 29982456k(4192k free)

vm_info: Java HotSpot(TM) 64-Bit Server VM (25.261-b12) for windows-amd64 JRE (1.8.0_261-b12), built on Jun 18 2020 06:56:32 by "" with unknown MS VC++:1916

time: Thu Dec 30 16:12:30 2021
timezone: Hora oficial do Brasil
elapsed time: 0 seconds (0d 0h 0m 0s)

