#
# There is insufficient memory for the Java Runtime Environment to continue.
# Native memory allocation (malloc) failed to allocate 153296 bytes for Chunk::new
# Possible reasons:
#   The system is out of physical RAM or swap space
#   The process is running with CompressedOops enabled, and the Java Heap may be blocking the growth of the native heap
# Possible solutions:
#   Reduce memory load on the system
#   Increase physical memory or swap space
#   Check if swap backing store is full
#   Decrease Java heap size (-Xmx/-Xms)
#   Decrease number of Java threads
#   Decrease Java thread stack sizes (-Xss)
#   Set larger code cache with -XX:ReservedCodeCacheSize=
#   JVM is running with Zero Based Compressed Oops mode in which the Java heap is
#     placed in the first 32GB address space. The Java Heap base address is the
#     maximum limit for the native heap growth. Please use -XX:HeapBaseMinAddress
#     to set the Java Heap base and to place the Java Heap above 32GB virtual address.
# This output file may be truncated or incomplete.
#
#  Out of Memory Error (allocation.cpp:389), pid=134476, tid=0x000000000001e6ac
#
# JRE version: Java(TM) SE Runtime Environment (8.0_261-b12) (build 1.8.0_261-b12)
# Java VM: Java HotSpot(TM) 64-Bit Server VM (25.261-b12 mixed mode windows-amd64 compressed oops)
# Failed to write core dump. Minidumps are not enabled by default on client versions of Windows
#

---------------  T H R E A D  ---------------

Current thread (0x00000238be280800):  JavaThread "C2 CompilerThread1" daemon [_thread_in_native, id=124588, stack(0x000000c055600000,0x000000c055700000)]

Stack: [0x000000c055600000,0x000000c055700000]
Native frames: (J=compiled Java code, j=interpreted, Vv=VM code, C=native code)
V  [jvm.dll+0x33e5f9]


Current CompileTask:
C2:    702  942       4       sun.misc.URLClassPath::getResource (83 bytes)


---------------  P R O C E S S  ---------------

Java Threads: ( => current thread )
  0x00000238c0f50800 JavaThread "ReaderThread" [_thread_in_native, id=131900, stack(0x000000c055b00000,0x000000c055c00000)]
  0x00000238c0118800 JavaThread "Service Thread" daemon [_thread_blocked, id=135760, stack(0x000000c055900000,0x000000c055a00000)]
  0x00000238be290000 JavaThread "C1 CompilerThread3" daemon [_thread_blocked, id=107952, stack(0x000000c055800000,0x000000c055900000)]
  0x00000238be284800 JavaThread "C2 CompilerThread2" daemon [_thread_blocked, id=123824, stack(0x000000c055700000,0x000000c055800000)]
=>0x00000238be280800 JavaThread "C2 CompilerThread1" daemon [_thread_in_native, id=124588, stack(0x000000c055600000,0x000000c055700000)]
  0x00000238be275800 JavaThread "C2 CompilerThread0" daemon [_thread_blocked, id=122520, stack(0x000000c055500000,0x000000c055600000)]
  0x00000238be274800 JavaThread "Attach Listener" daemon [_thread_blocked, id=135068, stack(0x000000c055400000,0x000000c055500000)]
  0x00000238be273800 JavaThread "Signal Dispatcher" daemon [_thread_blocked, id=135480, stack(0x000000c055300000,0x000000c055400000)]
  0x00000238be243800 JavaThread "Finalizer" daemon [_thread_blocked, id=134072, stack(0x000000c055200000,0x000000c055300000)]
  0x00000238be23c800 JavaThread "Reference Handler" daemon [_thread_blocked, id=116288, stack(0x000000c055100000,0x000000c055200000)]
  0x00000238a378c000 JavaThread "main" [_thread_in_Java, id=133896, stack(0x000000c054700000,0x000000c054800000)]

Other Threads:
  0x00000238be215000 VMThread [stack: 0x000000c055000000,0x000000c055100000] [id=131468]
  0x00000238be2dd000 WatcherThread [stack: 0x000000c055a00000,0x000000c055b00000] [id=133388]

VM state:not at safepoint (normal execution)

VM Mutex/Monitor currently owned by a thread: None

heap address: 0x00000006c3000000, size: 4048 MB, Compressed Oops mode: Zero based, Oop shift amount: 3
Narrow klass base: 0x0000000000000000, Narrow klass shift: 3
Compressed class space size: 1073741824 Address: 0x00000007c0000000

Heap:
 PSYoungGen      total 75776K, used 44475K [0x000000076bb00000, 0x0000000770f80000, 0x00000007c0000000)
  eden space 65024K, 68% used [0x000000076bb00000,0x000000076e66ec68,0x000000076fa80000)
  from space 10752K, 0% used [0x0000000770500000,0x0000000770500000,0x0000000770f80000)
  to   space 10752K, 0% used [0x000000076fa80000,0x000000076fa80000,0x0000000770500000)
 ParOldGen       total 173568K, used 0K [0x00000006c3000000, 0x00000006cd980000, 0x000000076bb00000)
  object space 173568K, 0% used [0x00000006c3000000,0x00000006c3000000,0x00000006cd980000)
 Metaspace       used 9198K, capacity 10168K, committed 10368K, reserved 1058816K
  class space    used 1176K, capacity 1392K, committed 1408K, reserved 1048576K

Card table byte_map: [0x00000238b43e0000,0x00000238b4bd0000] byte_map_base: 0x00000238b0dc8000

Marking Bits: (ParMarkBitMap*) 0x0000000077f84fb0
 Begin Bits: [0x00000238b5120000, 0x00000238b9060000)
 End Bits:   [0x00000238b9060000, 0x00000238bcfa0000)

Polling page: 0x00000238a4ff0000

CodeCache: size=245760Kb used=3661Kb max_used=3670Kb free=242098Kb
 bounds [0x00000238a5020000, 0x00000238a53c0000, 0x00000238b4020000]
 total_blobs=1280 nmethods=978 adapters=214
 compilation: enabled

Compilation events (10 events):
Event: 0.687 Thread 0x00000238be290000  974       1       java.nio.charset.CharsetEncoder::maxBytesPerChar (5 bytes)
Event: 0.687 Thread 0x00000238be290000 nmethod 974 0x00000238a53a7d10 code [0x00000238a53a7e60, 0x00000238a53a7f78]
Event: 0.688 Thread 0x00000238be290000  975       3       java.net.URL::equals (24 bytes)
Event: 0.688 Thread 0x00000238be290000 nmethod 975 0x00000238a53a7650 code [0x00000238a53a77c0, 0x00000238a53a7c10]
Event: 0.688 Thread 0x00000238be290000  976       3       java.net.URLStreamHandler::equals (45 bytes)
Event: 0.688 Thread 0x00000238be290000 nmethod 976 0x00000238a53a6e50 code [0x00000238a53a6fe0, 0x00000238a53a7500]
Event: 0.688 Thread 0x00000238be290000  977       3       java.util.jar.JarFile::getManifestFromReference (117 bytes)
Event: 0.689 Thread 0x00000238be290000 nmethod 977 0x00000238a53a8910 code [0x00000238a53a8b40, 0x00000238a53a9820]
Event: 0.689 Thread 0x00000238be290000  978       3       java.util.zip.InflaterInputStream::<init> (79 bytes)
Event: 0.689 Thread 0x00000238be290000 nmethod 978 0x00000238a53ae250 code [0x00000238a53ae400, 0x00000238a53aeb00]

GC Heap History (0 events):
No events

Deoptimization events (8 events):
Event: 0.195 Thread 0x00000238a378c000 Uncommon trap: reason=unstable_if action=reinterpret pc=0x00000238a512e784 method=java.lang.String.hashCode()I @ 14
Event: 0.234 Thread 0x00000238a378c000 Uncommon trap: reason=unstable_if action=reinterpret pc=0x00000238a51be774 method=java.lang.String.indexOf([CII[CIII)I @ 3
Event: 0.348 Thread 0x00000238a378c000 Uncommon trap: reason=unstable_if action=reinterpret pc=0x00000238a5257e8c method=sun.misc.URLClassPath$JarLoader.getResource(Ljava/lang/String;Z)Lsun/misc/Resource; @ 15
Event: 0.407 Thread 0x00000238a378c000 Uncommon trap: reason=unstable_if action=reinterpret pc=0x00000238a52a0b28 method=java.util.HashMap.getNode(ILjava/lang/Object;)Ljava/util/HashMap$Node; @ 62
Event: 0.407 Thread 0x00000238a378c000 Uncommon trap: reason=unstable_if action=reinterpret pc=0x00000238a527d964 method=java.util.HashMap.getNode(ILjava/lang/Object;)Ljava/util/HashMap$Node; @ 62
Event: 0.472 Thread 0x00000238a378c000 Uncommon trap: reason=unstable_if action=reinterpret pc=0x00000238a52e7498 method=jdk.internal.org.objectweb.asm.Type.getArgumentsAndReturnSizes(Ljava/lang/String;)I @ 47
Event: 0.626 Thread 0x00000238a378c000 Uncommon trap: reason=unstable_if action=reinterpret pc=0x00000238a513e080 method=java.lang.CharacterData.of(I)Ljava/lang/CharacterData; @ 4
Event: 0.659 Thread 0x00000238a378c000 Uncommon trap: reason=unstable_if action=reinterpret pc=0x00000238a522c4a8 method=java.io.WinNTFileSystem.normalize(Ljava/lang/String;II)Ljava/lang/String; @ 8

Classes redefined (0 events):
No events

Internal exceptions (10 events):
Event: 0.456 Thread 0x00000238a378c000 Exception <a 'java/lang/NoSuchMethodError': java.lang.Object.lambda$ofVoidMethod$0(Lorg/junit/jupiter/engine/execution/ExecutableInvoker$ReflectiveInterceptorCall$VoidMethodInterceptorCall;Lorg/junit/jupiter/api/extension/InvocationInterceptor;Lorg/junit/
Event: 0.460 Thread 0x00000238a378c000 Exception <a 'java/lang/IncompatibleClassChangeError': Found class java.lang.Object, but interface was expected> (0x000000076d572bb8) thrown at [C:\jenkins\workspace\8-2-build-windows-amd64-cygwin\jdk8u261\295\hotspot\src\share\vm\interpreter\linkResolver
Event: 0.460 Thread 0x00000238a378c000 Exception <a 'java/lang/NoSuchMethodError': java.lang.Object.lambda$accept$0(Lorg/junit/platform/engine/TestDescriptor$Visitor;Lorg/junit/platform/engine/TestDescriptor;)V> (0x000000076d576d50) thrown at [C:\jenkins\workspace\8-2-build-windows-amd64-cygwi
Event: 0.464 Thread 0x00000238a378c000 Exception <a 'java/lang/NoSuchMethodError': java.lang.Object.containsTests(Lorg/junit/platform/engine/TestDescriptor;)Z> (0x000000076d5c3bd0) thrown at [C:\jenkins\workspace\8-2-build-windows-amd64-cygwin\jdk8u261\295\hotspot\src\share\vm\interpreter\link
Event: 0.481 Thread 0x00000238a378c000 Exception <a 'java/lang/IncompatibleClassChangeError': Found class java.lang.Object, but interface was expected> (0x000000076d6ff038) thrown at [C:\jenkins\workspace\8-2-build-windows-amd64-cygwin\jdk8u261\295\hotspot\src\share\vm\interpreter\linkResolver
Event: 0.497 Thread 0x00000238a378c000 Exception <a 'java/lang/NoSuchMethodError': java.lang.Object.lambda$comparing$77a9974f$1(Ljava/util/function/Function;Ljava/lang/Object;Ljava/lang/Object;)I> (0x000000076d8cf578) thrown at [C:\jenkins\workspace\8-2-build-windows-amd64-cygwin\jdk8u261\295\
Event: 0.499 Thread 0x00000238a378c000 Exception <a 'java/lang/NoSuchMethodError': java.lang.Object.lambda$thenComparing$36697e65$1(Ljava/util/Comparator;Ljava/lang/Object;Ljava/lang/Object;)I> (0x000000076d8df4c0) thrown at [C:\jenkins\workspace\8-2-build-windows-amd64-cygwin\jdk8u261\295\hot
Event: 0.499 Thread 0x00000238a378c000 Exception <a 'java/lang/NoSuchMethodError': java.lang.Object.lambda$comparing$ea9a8b3a$1(Ljava/util/Comparator;Ljava/util/function/Function;Ljava/lang/Object;Ljava/lang/Object;)I> (0x000000076d8e6960) thrown at [C:\jenkins\workspace\8-2-build-windows-amd6
Event: 0.562 Thread 0x00000238a378c000 Exception <a 'java/lang/NoSuchMethodError': java.lang.Object.lambda$and$0(Ljava/util/function/Predicate;Ljava/lang/Object;)Z> (0x000000076dc83780) thrown at [C:\jenkins\workspace\8-2-build-windows-amd64-cygwin\jdk8u261\295\hotspot\src\share\vm\interpreter
Event: 0.602 Thread 0x00000238a378c000 Exception <a 'java/lang/IncompatibleClassChangeError': Found class java.lang.Object, but interface was expected> (0x000000076de01ab8) thrown at [C:\jenkins\workspace\8-2-build-windows-amd64-cygwin\jdk8u261\295\hotspot\src\share\vm\interpreter\linkResolver

Events (10 events):
Event: 0.687 loading class org/apache/commons/compress/utils/CountingInputStream
Event: 0.687 loading class org/apache/commons/compress/utils/CountingInputStream done
Event: 0.688 loading class org/apache/commons/compress/archivers/zip/UnshrinkingInputStream
Event: 0.688 loading class org/apache/commons/compress/archivers/zip/UnshrinkingInputStream done
Event: 0.688 loading class org/apache/commons/compress/compressors/lzw/LZWInputStream
Event: 0.688 loading class org/apache/commons/compress/compressors/lzw/LZWInputStream done
Event: 0.689 loading class org/apache/commons/compress/compressors/CompressorInputStream
Event: 0.689 loading class org/apache/commons/compress/compressors/CompressorInputStream done
Event: 0.689 loading class org/apache/commons/compress/archivers/zip/ExplodingInputStream
Event: 0.689 loading class org/apache/commons/compress/archivers/zip/ExplodingInputStream done


Dynamic libraries:
0x00007ff67d3a0000 - 0x00007ff67d3e7000 	C:\Program Files\Java\jdk1.8.0_261\bin\javaw.exe
0x00007ffec8240000 - 0x00007ffec8447000 	C:\WINDOWS\SYSTEM32\ntdll.dll
0x00007ffec6c70000 - 0x00007ffec6d2d000 	C:\WINDOWS\System32\KERNEL32.DLL
0x00007ffec5b00000 - 0x00007ffec5e74000 	C:\WINDOWS\System32\KERNELBASE.dll
0x00007ffec79d0000 - 0x00007ffec7a7c000 	C:\WINDOWS\System32\ADVAPI32.dll
0x00007ffec62a0000 - 0x00007ffec6343000 	C:\WINDOWS\System32\msvcrt.dll
0x00007ffec7890000 - 0x00007ffec792d000 	C:\WINDOWS\System32\sechost.dll
0x00007ffec7b10000 - 0x00007ffec7c31000 	C:\WINDOWS\System32\RPCRT4.dll
0x00007ffec64e0000 - 0x00007ffec668c000 	C:\WINDOWS\System32\USER32.dll
0x00007ffec5720000 - 0x00007ffec5746000 	C:\WINDOWS\System32\win32u.dll
0x00007ffec67d0000 - 0x00007ffec67f9000 	C:\WINDOWS\System32\GDI32.dll
0x00007ffec5e80000 - 0x00007ffec5f92000 	C:\WINDOWS\System32\gdi32full.dll
0x00007ffec5870000 - 0x00007ffec590d000 	C:\WINDOWS\System32\msvcp_win.dll
0x00007ffec5750000 - 0x00007ffec5861000 	C:\WINDOWS\System32\ucrtbase.dll
0x00007ffeaf900000 - 0x00007ffeafba5000 	C:\WINDOWS\WinSxS\amd64_microsoft.windows.common-controls_6595b64144ccf1df_6.0.22000.120_none_9d947278b86cc467\COMCTL32.dll
0x00007ffec7990000 - 0x00007ffec79c1000 	C:\WINDOWS\System32\IMM32.DLL
0x00007ffeb9460000 - 0x00007ffeb9475000 	C:\Program Files\Java\jdk1.8.0_261\jre\bin\vcruntime140.dll
0x00007ffe9df00000 - 0x00007ffe9df9b000 	C:\Program Files\Java\jdk1.8.0_261\jre\bin\msvcp140.dll
0x0000000077790000 - 0x0000000077ffc000 	C:\Program Files\Java\jdk1.8.0_261\jre\bin\server\jvm.dll
0x00007ffec7b00000 - 0x00007ffec7b08000 	C:\WINDOWS\System32\PSAPI.DLL
0x00007ffebd0c0000 - 0x00007ffebd0f3000 	C:\WINDOWS\SYSTEM32\WINMM.dll
0x00007ffebc740000 - 0x00007ffebc74a000 	C:\WINDOWS\SYSTEM32\VERSION.dll
0x00007ffeb7b50000 - 0x00007ffeb7b59000 	C:\WINDOWS\SYSTEM32\WSOCK32.dll
0x00007ffec7fd0000 - 0x00007ffec803f000 	C:\WINDOWS\System32\WS2_32.dll
0x00007ffec48f0000 - 0x00007ffec4908000 	C:\WINDOWS\SYSTEM32\kernel.appcore.dll
0x00007ffebabb0000 - 0x00007ffebabc0000 	C:\Program Files\Java\jdk1.8.0_261\jre\bin\verify.dll
0x00007ffeb93f0000 - 0x00007ffeb941b000 	C:\Program Files\Java\jdk1.8.0_261\jre\bin\java.dll
0x00007ffeae780000 - 0x00007ffeae798000 	C:\Program Files\Java\jdk1.8.0_261\jre\bin\zip.dll
0x00007ffec6ed0000 - 0x00007ffec767e000 	C:\WINDOWS\System32\SHELL32.dll
0x00007ffec3850000 - 0x00007ffec40b7000 	C:\WINDOWS\SYSTEM32\windows.storage.dll
0x00007ffec7c40000 - 0x00007ffec7fb8000 	C:\WINDOWS\System32\combase.dll
0x00007ffec36e0000 - 0x00007ffec3846000 	C:\WINDOWS\SYSTEM32\wintypes.dll
0x00007ffec77a0000 - 0x00007ffec788a000 	C:\WINDOWS\System32\SHCORE.dll
0x00007ffec6770000 - 0x00007ffec67cd000 	C:\WINDOWS\System32\shlwapi.dll
0x00007ffec5650000 - 0x00007ffec5671000 	C:\WINDOWS\SYSTEM32\profapi.dll
0x00007ffeacdf0000 - 0x00007ffeace0c000 	C:\Program Files\Java\jdk1.8.0_261\jre\bin\net.dll
0x00007ffec4cf0000 - 0x00007ffec4d57000 	C:\WINDOWS\system32\mswsock.dll

VM Arguments:
jvm_args: -ea -Dfile.encoding=UTF-8 
java_command: org.eclipse.jdt.internal.junit.runner.RemoteTestRunner -version 3 -port 10070 -testLoaderClass org.eclipse.jdt.internal.junit5.runner.JUnit5TestLoader -loaderpluginname org.eclipse.jdt.junit5.runtime -classNames br.com.vobi.Login.LoginTest
java_class_path (initial): D:\Documentos\Pessoal\qa-code\vobi-automation-tests\target\test-classes;D:\Documentos\Pessoal\qa-code\vobi-automation-tests\target\classes;D:\mavenRepository\org\seleniumhq\selenium\selenium-chrome-driver\4.1.1\selenium-chrome-driver-4.1.1.jar;D:\mavenRepository\com\google\auto\service\auto-service-annotations\1.0.1\auto-service-annotations-1.0.1.jar;D:\mavenRepository\com\google\auto\service\auto-service\1.0.1\auto-service-1.0.1.jar;D:\mavenRepository\com\google\auto\auto-common\1.2\auto-common-1.2.jar;D:\mavenRepository\com\google\guava\guava\31.0.1-jre\guava-31.0.1-jre.jar;D:\mavenRepository\com\google\guava\failureaccess\1.0.1\failureaccess-1.0.1.jar;D:\mavenRepository\com\google\guava\listenablefuture\9999.0-empty-to-avoid-conflict-with-guava\listenablefuture-9999.0-empty-to-avoid-conflict-with-guava.jar;D:\mavenRepository\com\google\code\findbugs\jsr305\3.0.2\jsr305-3.0.2.jar;D:\mavenRepository\org\checkerframework\checker-qual\3.12.0\checker-qual-3.12.0.jar;D:\mavenRepository\com\google\errorprone\error_prone_annotations\2.7.1\error_prone_annotations-2.7.1.jar;D:\mavenRepository\com\google\j2objc\j2objc-annotations\1.3\j2objc-annotations-1.3.jar;D:\mavenRepository\org\seleniumhq\selenium\selenium-api\4.1.1\selenium-api-4.1.1.jar;D:\mavenRepository\org\seleniumhq\selenium\selenium-chromium-driver\4.1.1\selenium-chromium-driver-4.1.1.jar;D:\mavenRepository\org\seleniumhq\selenium\selenium-json\4.1.1\selenium-json-4.1.1.jar;D:\mavenRepository\org\seleniumhq\selenium\selenium-remote-driver\4.1.1\selenium-remote-driver-4.1.1.jar;D:\mavenRepository\com\beust\jcommander\1.81\jcommander-1.81.jar;D:\mavenRepository\io\netty\netty-buffer\4.1.70.Final\netty-buffer-4.1.70.Final.jar;D:\mavenRepository\io\netty\netty-codec-http\4.1.70.Final\netty-codec-http-4.1.70.Final.jar;D:\mavenRepository\io\netty\netty-codec\4.1.70.Final\netty-codec-4.1.70.Final.jar;D:\mavenRepository\io\netty\netty-handler\4.1.70.Final\netty-handler-4.1.70.Final.jar;D:\ma
Launcher Type: SUN_STANDARD

Environment Variables:
JAVA_HOME=C:\Program Files\Java\jdk1.8.0_261
PATH=C:/Program Files/Java/jre1.8.0_311/bin/server;C:/Program Files/Java/jre1.8.0_311/bin;C:/Program Files/Java/jre1.8.0_311/lib/amd64;D:\VMware\bin\;C:\Program Files (x86)\Common Files\Oracle\Java\javapath;C:\Windows\system32;C:\Windows;C:\Windows\System32\Wbem;C:\Windows\System32\WindowsPowerShell\v1.0\;C:\Windows\System32\OpenSSH\;C:\Program Files\Intel\WiFi\bin\;C:\Program Files\Common Files\Intel\WirelessCommon\;C:\Program Files (x86)\NVIDIA Corporation\PhysX\Common;D:\Programas\Git\Git\cmd;C:\Program Files\Java\jdk1.8.0_261\bin;D:\nodejs\;C:\Users\saulo\AppData\Local\Programs\Python\Python39\Scripts\;C:\Users\saulo\AppData\Local\Programs\Python\Python39\;C:\WINDOWS\system32;C:\WINDOWS;C:\WINDOWS\System32\Wbem;C:\WINDOWS\System32\WindowsPowerShell\v1.0\;C:\WINDOWS\System32\OpenSSH\;C:\Program Files\Java\jdk1.8.0_261\bin;D:\apache-maven-3.8.1-bin\apache-maven-3.8.1\bin;C:\ProgramData\chocolatey\bin;D:\Putty\;C:\Users\saulo\AppData\Local\Programs\Python\Python39\Scripts\;C:\Users\saulo\AppData\Local\Programs\Python\Python39\;D:\Python3\Scripts\;D:\Python3\;C:\Users\saulo\AppData\Local\Microsoft\WindowsApps;;D:\intellij\IntelliJ IDEA 2019.3.5\bin;;C:\Users\saulo\AppData\Roaming\npm;D:\VisualStudioCode\Microsoft VS Code\bin;C:\Users\saulo\AppData\Roaming\cabal\bin;C:\tools\ghc-9.0.1\bin;C:\tools\msys64;D:\Eclipse-Java\eclipse;
USERNAME=saulo
OS=Windows_NT
PROCESSOR_IDENTIFIER=Intel64 Family 6 Model 142 Stepping 12, GenuineIntel



---------------  S Y S T E M  ---------------

OS: Windows 10.0 , 64 bit Build 22000 (10.0.22000.318)

CPU:total 8 (initial active 8) (4 cores per cpu, 2 threads per core) family 6 model 142 stepping 12, cmov, cx8, fxsr, mmx, sse, sse2, sse3, ssse3, sse4.1, sse4.2, popcnt, avx, avx2, aes, clmul, erms, 3dnowpref, lzcnt, ht, tsc, tscinvbit, bmi1, bmi2, adx

Memory: 4k page, physical 16579456k(2073964k free), swap 29982456k(1596k free)

vm_info: Java HotSpot(TM) 64-Bit Server VM (25.261-b12) for windows-amd64 JRE (1.8.0_261-b12), built on Jun 18 2020 06:56:32 by "" with unknown MS VC++:1916

time: Thu Dec 30 17:37:12 2021
timezone: Hora oficial do Brasil
elapsed time: 0 seconds (0d 0h 0m 0s)

